#
# A fatal error has been detected by the Java Runtime Environment:
#
#  EXCEPTION_ACCESS_VIOLATION (0xc0000005) at pc=0x00007ffdd255c6f9, pid=6668, tid=7188
#
# JRE version: OpenJDK Runtime Environment (11.0.10) (build 11.0.10+0-b96-7249189)
# Java VM: OpenJDK 64-Bit Server VM (11.0.10+0-b96-7249189, mixed mode, tiered, compressed oops, g1 gc, windows-amd64)
# Problematic frame:
# C  [native-platform-file-events.dll+0x1c6f9]
#
# No core dump will be written. Minidumps are not enabled by default on client versions of Windows
#
# If you would like to submit a bug report, please visit:
#   https://bugreport.java.com/bugreport/crash.jsp
# The crash happened outside the Java Virtual Machine in native code.
# See problematic frame for where to report the bug.
#

---------------  S U M M A R Y ------------

Command Line: --add-opens=java.base/java.util=ALL-UNNAMED --add-opens=java.base/java.lang=ALL-UNNAMED --add-opens=java.base/java.lang.invoke=ALL-UNNAMED --add-opens=java.base/java.util=ALL-UNNAMED --add-opens=java.prefs/java.util.prefs=ALL-UNNAMED --add-opens=java.prefs/java.util.prefs=ALL-UNNAMED --add-opens=java.base/java.nio.charset=ALL-UNNAMED --add-opens=java.base/java.net=ALL-UNNAMED --add-opens=java.base/java.util.concurrent.atomic=ALL-UNNAMED -Xmx2048m -Dfile.encoding=UTF-8 -Duser.country=RU -Duser.language=ru -Duser.variant org.gradle.launcher.daemon.bootstrap.GradleDaemon 7.0.2

Host: Intel(R) Core(TM) i7-3770 CPU @ 3.40GHz, 8 cores, 3G,  Windows 10 , 64 bit Build 17763 (10.0.17763.2090)
Time: Thu Nov 18 13:29:55 2021 Iiaineae?neia noaiaa?oiia a?aiy elapsed time: 1568.550514 seconds (0d 0h 26m 8s)

---------------  T H R E A D  ---------------

Current thread (0x00000182633f6000):  JavaThread "File watcher server" daemon [_thread_in_native, id=7188, stack(0x0000003e04200000,0x0000003e04300000)]

Stack: [0x0000003e04200000,0x0000003e04300000],  sp=0x0000003e042fe830,  free space=1018k
Native frames: (J=compiled Java code, j=interpreted, Vv=VM code, C=native code)
C  [native-platform-file-events.dll+0x1c6f9]

Java frames: (J=compiled Java code, j=interpreted, Vv=VM code)
j  net.rubygrapefruit.platform.internal.jni.AbstractFileEventFunctions$NativeFileWatcher.executeRunLoop0(Ljava/lang/Object;)V+0
j  net.rubygrapefruit.platform.internal.jni.AbstractFileEventFunctions$NativeFileWatcher.access$100(Lnet/rubygrapefruit/platform/internal/jni/AbstractFileEventFunctions$NativeFileWatcher;Ljava/lang/Object;)V+2
j  net.rubygrapefruit.platform.internal.jni.AbstractFileEventFunctions$NativeFileWatcher$1.run()V+26
v  ~StubRoutines::call_stub

siginfo: EXCEPTION_ACCESS_VIOLATION (0xc0000005), reading address 0xffffffffffffffff


Register to memory mapping:

RIP=0x00007ffdd255c6f9 native-platform-file-events.dll
RAX=0x0035003300300039 is an unknown value
RBX=0x0000000000000001 is an unknown value
RCX=0x0035003300300039 is an unknown value
RDX=0x0 is NULL
RSP=0x0000003e042fe830 is pointing into the stack for thread: 0x00000182633f6000
RBP=0x0000003e042ff0f8 is pointing into the stack for thread: 0x00000182633f6000
RSI=0x0 is NULL
RDI=
[error occurred during error reporting (printing register info), id 0xc0000005, EXCEPTION_ACCESS_VIOLATION (0xc0000005) at pc=0x00007ffdbf809dc7]

Registers:
RAX=0x0035003300300039, RBX=0x0000000000000001, RCX=0x0035003300300039, RDX=0x0000000000000000
RSP=0x0000003e042fe830, RBP=0x0000003e042ff0f8, RSI=0x0000000000000000, RDI=0x00000000ffffffff
R8 =0x0000000000000032, R9 =0x0000003e042fe950, R10=0x0000000000000000, R11=0x0000000000000246
R12=0x0000000000000000, R13=0x0000018266774bb8, R14=0x0000003e042ff120, R15=0x00000182633f6000
RIP=0x00007ffdd255c6f9, EFLAGS=0x0000000000010297

Top of Stack: (sp=0x0000003e042fe830)
0x0000003e042fe830:   0000003e042fe870 0000003e043fe460
0x0000003e042fe840:   0000000000000000 0000018264a2b040
0x0000003e042fe850:   0000000000000001 0000000000000255
0x0000003e042fe860:   0000003e042fe860 0000000000000000
0x0000003e042fe870:   0000003e00000000 0000018260fb8d01
0x0000003e042fe880:   0000000000000000 00007ffdd255daad
0x0000003e042fe890:   00008b1c5dc7d2d9 0000000000000000
0x0000003e042fe8a0:   00000182633f6000 0000003e042ff120
0x0000003e042fe8b0:   0000018266774bb8 0000000000000000
0x0000003e042fe8c0:   0000003e042ff0f8 00007ffe0b610dd2
0x0000003e042fe8d0:   0000003e043fe420 0000000000000000
0x0000003e042fe8e0:   00007ffdd255da90 0000003e043fe420
0x0000003e042fe8f0:   0000000000000048 00003aeb671e9615
0x0000003e042fe900:   0000000000000000 00007ffdd255c882
0x0000003e042fe910:   0035003300300039 ffffffff00000000
0x0000003e042fe920:   00007ffd00000032 0000018264a2b020 

Instructions: (pc=0x00007ffdd255c6f9)
0x00007ffdd255c5f9:   48 89 4c 24 08 48 81 ec d8 00 00 00 48 8b 05 3c
0x00007ffdd255c609:   7c 10 00 48 33 c4 48 89 84 24 c8 00 00 00 c7 44
0x00007ffdd255c619:   24 40 00 00 00 00 81 bc 24 e8 00 00 00 e3 03 00
0x00007ffdd255c629:   00 0f 85 c1 00 00 00 ba 03 00 00 00 48 8b 0d d4
0x00007ffdd255c639:   ae 10 00 e8 01 a3 fe ff 0f b6 c0 85 c0 74 7a 48
0x00007ffdd255c649:   8b 84 24 e0 00 00 00 8b 40 68 89 44 24 44 48 8b
0x00007ffdd255c659:   84 24 e0 00 00 00 48 83 c0 08 48 8b d0 48 8d 8c
0x00007ffdd255c669:   24 88 00 00 00 e8 c3 4f fe ff 48 89 44 24 50 48
0x00007ffdd255c679:   8b 44 24 50 48 89 44 24 58 8b 44 24 40 83 c8 01
0x00007ffdd255c689:   89 44 24 40 48 8b 4c 24 58 e8 93 51 fe ff 48 89
0x00007ffdd255c699:   44 24 60 8b 44 24 44 89 44 24 20 4c 8b 4c 24 60
0x00007ffdd255c6a9:   4c 8d 05 a0 ae 0d 00 ba 03 00 00 00 48 8b 0d 54
0x00007ffdd255c6b9:   ae 10 00 e8 d1 70 fe ff 90 8b 44 24 40 83 e0 01
0x00007ffdd255c6c9:   85 c0 74 12 83 64 24 40 fe 48 8d 8c 24 88 00 00
0x00007ffdd255c6d9:   00 e8 c0 59 fe ff 48 8b 8c 24 e0 00 00 00 e8 3a
0x00007ffdd255c6e9:   9b fe ff e9 36 01 00 00 48 8b 84 24 e0 00 00 00
0x00007ffdd255c6f9:   83 78 68 01 0f 84 cb 00 00 00 ba 03 00 00 00 48
0x00007ffdd255c709:   8b 0d 01 ae 10 00 e8 2e a2 fe ff 0f b6 c0 85 c0
0x00007ffdd255c719:   0f 84 90 00 00 00 48 8b 84 24 e0 00 00 00 8b 40
0x00007ffdd255c729:   68 89 44 24 48 48 8b 84 24 e0 00 00 00 48 83 c0
0x00007ffdd255c739:   08 48 8b d0 48 8d 8c 24 a8 00 00 00 e8 ec 4e fe
0x00007ffdd255c749:   ff 48 89 44 24 68 48 8b 44 24 68 48 89 44 24 70
0x00007ffdd255c759:   8b 44 24 40 83 c8 02 89 44 24 40 48 8b 4c 24 70
0x00007ffdd255c769:   e8 bc 50 fe ff 48 89 44 24 78 8b 44 24 48 89 44
0x00007ffdd255c779:   24 30 8b 84 24 e8 00 00 00 89 44 24 28 8b 84 24
0x00007ffdd255c789:   f0 00 00 00 89 44 24 20 4c 8b 4c 24 78 4c 8d 05
0x00007ffdd255c799:   e3 ad 0d 00 ba 03 00 00 00 48 8b 0d 67 ad 10 00
0x00007ffdd255c7a9:   e8 e4 6f fe ff 90 8b 44 24 40 83 e0 02 85 c0 74
0x00007ffdd255c7b9:   12 83 64 24 40 fd 48 8d 8c 24 a8 00 00 00 e8 d3
0x00007ffdd255c7c9:   58 fe ff eb 59 48 8b 84 24 e0 00 00 00 c7 40 68
0x00007ffdd255c7d9:   00 00 00 00 48 8b 84 24 e0 00 00 00 48 8b 00 48
0x00007ffdd255c7e9:   89 84 24 80 00 00 00 48 8b 84 24 e0 00 00 00 48 


Stack slot to memory mapping:
stack at sp + 0 slots: 0x0000003e042fe870 is pointing into the stack for thread: 0x00000182633f6000
stack at sp + 1 slots: 0x0000003e043fe460 is pointing into the stack for thread: 0x00000182633fb000
stack at sp + 2 slots: 0x0 is NULL
stack at sp + 3 slots: 0x0000018264a2b040 points into unknown readable memory: 0x0065003600330030 | 30 00 33 00 36 00 65 00
stack at sp + 4 slots: 0x0000000000000001 is an unknown value
stack at sp + 5 slots: 0x0000000000000255 is an unknown value
stack at sp + 6 slots: 0x0000003e042fe860 is pointing into the stack for thread: 0x00000182633f6000
stack at sp + 7 slots: 0x0 is NULL


---------------  P R O C E S S  ---------------

Threads class SMR info:
_java_thread_list=0x000001826b6d61a0, length=64, elements={
0x00000182466ae000, 0x0000018260ae5800, 0x0000018260ae8000, 0x0000018260b00800,
0x0000018260b01800, 0x0000018260b05800, 0x0000018260b0b800, 0x0000018260b14000,
0x0000018260b25800, 0x00000182615de000, 0x00000182615df000, 0x00000182615d9000,
0x00000182615db000, 0x00000182633f8800, 0x00000182633f9000, 0x00000182633f7000,
0x00000182633f6000, 0x00000182633fb000, 0x00000182633fd800, 0x00000182633fc800,
0x00000182633f7800, 0x00000182633ff000, 0x00000182633fe000, 0x0000018263404000,
0x0000018263403000, 0x0000018263400000, 0x0000018261b8d000, 0x0000018261b8f000,
0x0000018261b96000, 0x0000018261b8b800, 0x0000018261b91800, 0x0000018261b92000,
0x0000018261b8c800, 0x0000018261b93000, 0x0000018261b90800, 0x0000018261b93800,
0x0000018261b9a800, 0x0000018261b97000, 0x0000018261b98000, 0x0000018261b98800,
0x0000018261b94800, 0x0000018261b95800, 0x000001826b3ad800, 0x000001826b3a7800,
0x000001826b3b0000, 0x000001826b3ae000, 0x000001826b3b2000, 0x000001826b3b3000,
0x000001826b3b4000, 0x000001826b3af000, 0x000001826b3b4800, 0x00000182615db800,
0x00000182615dc800, 0x00000182615dd800, 0x00000182615da000, 0x00000182615e0000,
0x00000182633fa000, 0x00000182633f5000, 0x0000018263400800, 0x00000182633fb800,
0x0000018263401800, 0x0000018263402000, 0x0000018268cd6800, 0x000001826b3b0800
}

Java Threads: ( => current thread )
  0x00000182466ae000 JavaThread "main" [_thread_blocked, id=7776, stack(0x0000003e01a00000,0x0000003e01b00000)]
  0x0000018260ae5800 JavaThread "Reference Handler" daemon [_thread_blocked, id=4208, stack(0x0000003e02100000,0x0000003e02200000)]
  0x0000018260ae8000 JavaThread "Finalizer" daemon [_thread_blocked, id=6644, stack(0x0000003e02200000,0x0000003e02300000)]
  0x0000018260b00800 JavaThread "Signal Dispatcher" daemon [_thread_blocked, id=2056, stack(0x0000003e02300000,0x0000003e02400000)]
  0x0000018260b01800 JavaThread "Attach Listener" daemon [_thread_blocked, id=4060, stack(0x0000003e02400000,0x0000003e02500000)]
  0x0000018260b05800 JavaThread "Service Thread" daemon [_thread_blocked, id=180, stack(0x0000003e02500000,0x0000003e02600000)]
  0x0000018260b0b800 JavaThread "C2 CompilerThread0" daemon [_thread_blocked, id=8436, stack(0x0000003e02600000,0x0000003e02700000)]
  0x0000018260b14000 JavaThread "C1 CompilerThread0" daemon [_thread_blocked, id=9804, stack(0x0000003e02700000,0x0000003e02800000)]
  0x0000018260b25800 JavaThread "Sweeper thread" daemon [_thread_blocked, id=3784, stack(0x0000003e02800000,0x0000003e02900000)]
  0x00000182615de000 JavaThread "Common-Cleaner" daemon [_thread_blocked, id=9392, stack(0x0000003e02900000,0x0000003e02a00000)]
  0x00000182615df000 JavaThread "Daemon health stats" [_thread_blocked, id=8112, stack(0x0000003e02d00000,0x0000003e02e00000)]
  0x00000182615d9000 JavaThread "Incoming local TCP Connector on port 2479" [_thread_in_native, id=3032, stack(0x0000003e02e00000,0x0000003e02f00000)]
  0x00000182615db000 JavaThread "Daemon periodic checks" [_thread_blocked, id=9532, stack(0x0000003e02f00000,0x0000003e03000000)]
  0x00000182633f8800 JavaThread "Cache worker for file hash cache (C:\Users\lapshingv\.gradle\caches\7.0.2\fileHashes)" [_thread_blocked, id=8396, stack(0x0000003e03d00000,0x0000003e03e00000)]
  0x00000182633f9000 JavaThread "File lock request listener" [_thread_in_native, id=1604, stack(0x0000003e03e00000,0x0000003e03f00000)]
  0x00000182633f7000 JavaThread "Cache worker for journal cache (C:\Users\lapshingv\.gradle\caches\journal-1)" [_thread_blocked, id=5952, stack(0x0000003e04000000,0x0000003e04100000)]
=>0x00000182633f6000 JavaThread "File watcher server" daemon [_thread_in_native, id=7188, stack(0x0000003e04200000,0x0000003e04300000)]
  0x00000182633fb000 JavaThread "File watcher consumer" daemon [_thread_blocked, id=8248, stack(0x0000003e04300000,0x0000003e04400000)]
  0x00000182633fd800 JavaThread "jar transforms" [_thread_blocked, id=9024, stack(0x0000003e04400000,0x0000003e04500000)]
  0x00000182633fc800 JavaThread "jar transforms Thread 2" [_thread_blocked, id=812, stack(0x0000003e04500000,0x0000003e04600000)]
  0x00000182633f7800 JavaThread "jar transforms Thread 3" [_thread_blocked, id=516, stack(0x0000003e04600000,0x0000003e04700000)]
  0x00000182633ff000 JavaThread "jar transforms Thread 4" [_thread_blocked, id=1012, stack(0x0000003e02b00000,0x0000003e02c00000)]
  0x00000182633fe000 JavaThread "jar transforms Thread 5" [_thread_blocked, id=592, stack(0x0000003e04700000,0x0000003e04800000)]
  0x0000018263404000 JavaThread "jar transforms Thread 6" [_thread_blocked, id=9628, stack(0x0000003e04800000,0x0000003e04900000)]
  0x0000018263403000 JavaThread "jar transforms Thread 7" [_thread_blocked, id=3112, stack(0x0000003e04900000,0x0000003e04a00000)]
  0x0000018263400000 JavaThread "jar transforms Thread 8" [_thread_blocked, id=10136, stack(0x0000003e04a00000,0x0000003e04b00000)]
  0x0000018261b8d000 JavaThread "Cache worker for execution history cache (C:\Users\lapshingv\.gradle\caches\7.0.2\executionHistory)" [_thread_blocked, id=4440, stack(0x0000003e04e00000,0x0000003e04f00000)]
  0x0000018261b8f000 JavaThread "Cache worker for file content cache (C:\Users\lapshingv\.gradle\caches\7.0.2\fileContent)" [_thread_blocked, id=9568, stack(0x0000003e05000000,0x0000003e05100000)]
  0x0000018261b96000 JavaThread "Memory manager" [_thread_blocked, id=2708, stack(0x0000003e01800000,0x0000003e01900000)]
  0x0000018261b8b800 JavaThread "pool-3-thread-1" [_thread_blocked, id=2924, stack(0x0000003e01700000,0x0000003e01800000)]
  0x0000018261b91800 JavaThread "Daemon Thread 3" [_thread_blocked, id=2964, stack(0x0000003e01900000,0x0000003e01a00000)]
  0x0000018261b92000 JavaThread "Handler for socket connection from /127.0.0.1:2479 to /127.0.0.1:2656" [_thread_in_native, id=6052, stack(0x0000003e03200000,0x0000003e03300000)]
  0x0000018261b8c800 JavaThread "Cancel handler" [_thread_blocked, id=9564, stack(0x0000003e03300000,0x0000003e03400000)]
  0x0000018261b93000 JavaThread "Daemon worker Thread 3" [_thread_blocked, id=8828, stack(0x0000003e03400000,0x0000003e03500000)]
  0x0000018261b90800 JavaThread "Asynchronous log dispatcher for DefaultDaemonConnection: socket connection from /127.0.0.1:2479 to /127.0.0.1:2656" [_thread_blocked, id=10124, stack(0x0000003e03500000,0x0000003e03600000)]
  0x0000018261b93800 JavaThread "Stdin handler" [_thread_blocked, id=8240, stack(0x0000003e03600000,0x0000003e03700000)]
  0x0000018261b9a800 JavaThread "Daemon client event forwarder" [_thread_blocked, id=9436, stack(0x0000003e04100000,0x0000003e04200000)]
  0x0000018261b97000 JavaThread "Cache worker for file hash cache (G:\Vainer\Lab1\.gradle\7.0.2\fileHashes)" [_thread_blocked, id=10036, stack(0x0000003e04b00000,0x0000003e04c00000)]
  0x0000018261b98000 JavaThread "Cache worker for checksums cache (G:\Vainer\Lab1\.gradle\checksums)" [_thread_blocked, id=10152, stack(0x0000003e04d00000,0x0000003e04e00000)]
  0x0000018261b98800 JavaThread "Cache worker for cache directory md-supplier (C:\Users\lapshingv\.gradle\caches\7.0.2\md-supplier)" [_thread_blocked, id=9520, stack(0x0000003e04f00000,0x0000003e05000000)]
  0x0000018261b94800 JavaThread "Cache worker for cache directory md-rule (C:\Users\lapshingv\.gradle\caches\7.0.2\md-rule)" [_thread_blocked, id=8232, stack(0x0000003e05100000,0x0000003e05200000)]
  0x0000018261b95800 JavaThread "Cache worker for dependencies-accessors (G:\Vainer\Lab1\.gradle\7.0.2\dependencies-accessors)" [_thread_blocked, id=7032, stack(0x0000003e05200000,0x0000003e05300000)]
  0x000001826b3ad800 JavaThread "Cache worker for Build Output Cleanup Cache (G:\Vainer\Lab1\.gradle\buildOutputCleanup)" [_thread_blocked, id=1936, stack(0x0000003e05300000,0x0000003e05400000)]
  0x000001826b3a7800 JavaThread "Build operations" [_thread_blocked, id=6900, stack(0x0000003e05400000,0x0000003e05500000)]
  0x000001826b3b0000 JavaThread "Build operations Thread 2" [_thread_blocked, id=9256, stack(0x0000003e05500000,0x0000003e05600000)]
  0x000001826b3ae000 JavaThread "Build operations Thread 3" [_thread_blocked, id=9632, stack(0x0000003e05600000,0x0000003e05700000)]
  0x000001826b3b2000 JavaThread "Build operations Thread 4" [_thread_blocked, id=1264, stack(0x0000003e05700000,0x0000003e05800000)]
  0x000001826b3b3000 JavaThread "Build operations Thread 5" [_thread_blocked, id=9012, stack(0x0000003e05800000,0x0000003e05900000)]
  0x000001826b3b4000 JavaThread "Build operations Thread 6" [_thread_blocked, id=4860, stack(0x0000003e05900000,0x0000003e05a00000)]
  0x000001826b3af000 JavaThread "Build operations Thread 7" [_thread_blocked, id=7108, stack(0x0000003e05a00000,0x0000003e05b00000)]
  0x000001826b3b4800 JavaThread "Build operations Thread 8" [_thread_blocked, id=7296, stack(0x0000003e05b00000,0x0000003e05c00000)]
  0x00000182615db800 JavaThread "pool-10-thread-1" [_thread_blocked, id=4792, stack(0x0000003e05c00000,0x0000003e05d00000)]
  0x00000182615dc800 JavaThread "build event listener" [_thread_blocked, id=7888, stack(0x0000003e05d00000,0x0000003e05e00000)]
  0x00000182615dd800 JavaThread "Execution worker for ':'" [_thread_in_native, id=8524, stack(0x0000003e05e00000,0x0000003e05f00000)]
  0x00000182615da000 JavaThread "Execution worker for ':' Thread 2" [_thread_blocked, id=6136, stack(0x0000003e05f00000,0x0000003e06000000)]
  0x00000182615e0000 JavaThread "Execution worker for ':' Thread 3" [_thread_blocked, id=3380, stack(0x0000003e06000000,0x0000003e06100000)]
  0x00000182633fa000 JavaThread "Execution worker for ':' Thread 4" [_thread_blocked, id=7308, stack(0x0000003e06100000,0x0000003e06200000)]
  0x00000182633f5000 JavaThread "Execution worker for ':' Thread 5" [_thread_blocked, id=1252, stack(0x0000003e06200000,0x0000003e06300000)]
  0x0000018263400800 JavaThread "Execution worker for ':' Thread 6" [_thread_blocked, id=7752, stack(0x0000003e06300000,0x0000003e06400000)]
  0x00000182633fb800 JavaThread "Execution worker for ':' Thread 7" [_thread_blocked, id=8088, stack(0x0000003e06400000,0x0000003e06500000)]
  0x0000018263401800 JavaThread "Cache worker for execution history cache (G:\Vainer\Lab1\.gradle\7.0.2\executionHistory)" [_thread_blocked, id=8228, stack(0x0000003e06500000,0x0000003e06600000)]
  0x0000018263402000 JavaThread "WorkerExecutor Queue" [_thread_blocked, id=7176, stack(0x0000003e06600000,0x0000003e06700000)]
  0x0000018268cd6800 JavaThread "C2 CompilerThread1" daemon [_thread_blocked, id=3224, stack(0x0000003e04c00000,0x0000003e04d00000)]
  0x000001826b3b0800 JavaThread "WorkerExecutor Queue Thread 2" [_thread_blocked, id=2524, stack(0x0000003e06700000,0x0000003e06800000)]

Other Threads:
  0x0000018260ae3800 VMThread "VM Thread" [stack: 0x0000003e02000000,0x0000003e02100000] [id=204]
  0x0000018261617000 WatcherThread [stack: 0x0000003e02a00000,0x0000003e02b00000] [id=5644]
  0x00000182466c5800 GCTaskThread "GC Thread#0" [stack: 0x0000003e01b00000,0x0000003e01c00000] [id=4364]
  0x0000018261fb3000 GCTaskThread "GC Thread#1" [stack: 0x0000003e02c00000,0x0000003e02d00000] [id=10096]
  0x000001826261a800 GCTaskThread "GC Thread#2" [stack: 0x0000003e03700000,0x0000003e03800000] [id=9448]
  0x0000018262706800 GCTaskThread "GC Thread#3" [stack: 0x0000003e03800000,0x0000003e03900000] [id=1380]
  0x0000018264148800 GCTaskThread "GC Thread#4" [stack: 0x0000003e03900000,0x0000003e03a00000] [id=4192]
  0x0000018264149000 GCTaskThread "GC Thread#5" [stack: 0x0000003e03a00000,0x0000003e03b00000] [id=7060]
  0x000001826415e000 GCTaskThread "GC Thread#6" [stack: 0x0000003e03b00000,0x0000003e03c00000] [id=2920]
  0x000001826415e800 GCTaskThread "GC Thread#7" [stack: 0x0000003e03c00000,0x0000003e03d00000] [id=8476]
  0x00000182466fb000 ConcurrentGCThread "G1 Main Marker" [stack: 0x0000003e01c00000,0x0000003e01d00000] [id=8520]
  0x00000182466fe800 ConcurrentGCThread "G1 Conc#0" [stack: 0x0000003e01d00000,0x0000003e01e00000] [id=5944]
  0x0000018262f38000 ConcurrentGCThread "G1 Conc#1" [stack: 0x0000003e03f00000,0x0000003e04000000] [id=7928]
  0x000001824676a800 ConcurrentGCThread "G1 Refine#0" [stack: 0x0000003e01e00000,0x0000003e01f00000] [id=9488]
  0x000001824676b800 ConcurrentGCThread "G1 Young RemSet Sampling" [stack: 0x0000003e01f00000,0x0000003e02000000] [id=8300]

Threads with active compile tasks:

VM state:not at safepoint (normal execution)

VM Mutex/Monitor currently owned by a thread: None

Heap address: 0x0000000080000000, size: 2048 MB, Compressed Oops mode: 32-bit
Narrow klass base: 0x0000000000000000, Narrow klass shift: 3
Compressed class space size: 1073741824 Address: 0x0000000100000000

Heap:
 garbage-first heap   total 208896K, used 150047K [0x0000000080000000, 0x0000000100000000)
  region size 1024K, 23 young (23552K), 4 survivors (4096K)
 Metaspace       used 123547K, capacity 127078K, committed 127276K, reserved 1161216K
  class space    used 15162K, capacity 16433K, committed 16512K, reserved 1048576K
Heap Regions: E=young(eden), S=young(survivor), O=old, HS=humongous(starts), HC=humongous(continues), CS=collection set, F=free, A=archive, TAMS=top-at-mark-start (previous, next)
|   0|0x0000000080000000, 0x0000000080100000, 0x0000000080100000|100%| O|  |TAMS 0x0000000080100000, 0x0000000080000000| Untracked 
|   1|0x0000000080100000, 0x0000000080200000, 0x0000000080200000|100%| O|  |TAMS 0x0000000080200000, 0x0000000080100000| Untracked 
|   2|0x0000000080200000, 0x0000000080300000, 0x0000000080300000|100%| O|  |TAMS 0x0000000080300000, 0x0000000080200000| Untracked 
|   3|0x0000000080300000, 0x0000000080400000, 0x0000000080400000|100%|HS|  |TAMS 0x0000000080400000, 0x0000000080300000| Complete 
|   4|0x0000000080400000, 0x0000000080500000, 0x0000000080500000|100%|HC|  |TAMS 0x0000000080500000, 0x0000000080400000| Complete 
|   5|0x0000000080500000, 0x0000000080600000, 0x0000000080600000|100%|HC|  |TAMS 0x0000000080600000, 0x0000000080500000| Complete 
|   6|0x0000000080600000, 0x0000000080700000, 0x0000000080700000|100%| O|  |TAMS 0x0000000080700000, 0x0000000080600000| Untracked 
|   7|0x0000000080700000, 0x0000000080800000, 0x0000000080800000|100%| O|  |TAMS 0x0000000080800000, 0x0000000080700000| Untracked 
|   8|0x0000000080800000, 0x0000000080900000, 0x0000000080900000|100%| O|  |TAMS 0x0000000080900000, 0x0000000080800000| Untracked 
|   9|0x0000000080900000, 0x0000000080a00000, 0x0000000080a00000|100%| O|  |TAMS 0x0000000080a00000, 0x0000000080900000| Untracked 
|  10|0x0000000080a00000, 0x0000000080b00000, 0x0000000080b00000|100%| O|  |TAMS 0x0000000080b00000, 0x0000000080a00000| Untracked 
|  11|0x0000000080b00000, 0x0000000080c00000, 0x0000000080c00000|100%| O|  |TAMS 0x0000000080c00000, 0x0000000080b00000| Untracked 
|  12|0x0000000080c00000, 0x0000000080d00000, 0x0000000080d00000|100%| O|  |TAMS 0x0000000080d00000, 0x0000000080c00000| Untracked 
|  13|0x0000000080d00000, 0x0000000080e00000, 0x0000000080e00000|100%| O|  |TAMS 0x0000000080e00000, 0x0000000080d00000| Untracked 
|  14|0x0000000080e00000, 0x0000000080f00000, 0x0000000080f00000|100%| O|  |TAMS 0x0000000080f00000, 0x0000000080e00000| Untracked 
|  15|0x0000000080f00000, 0x0000000081000000, 0x0000000081000000|100%|HS|  |TAMS 0x0000000081000000, 0x0000000080f00000| Complete 
|  16|0x0000000081000000, 0x0000000081100000, 0x0000000081100000|100%|HC|  |TAMS 0x0000000081100000, 0x0000000081000000| Complete 
|  17|0x0000000081100000, 0x0000000081200000, 0x0000000081200000|100%|HS|  |TAMS 0x0000000081200000, 0x0000000081100000| Complete 
|  18|0x0000000081200000, 0x0000000081300000, 0x0000000081300000|100%|HC|  |TAMS 0x0000000081300000, 0x0000000081200000| Complete 
|  19|0x0000000081300000, 0x0000000081400000, 0x0000000081400000|100%|HC|  |TAMS 0x0000000081400000, 0x0000000081300000| Complete 
|  20|0x0000000081400000, 0x0000000081500000, 0x0000000081500000|100%| O|  |TAMS 0x0000000081500000, 0x0000000081400000| Untracked 
|  21|0x0000000081500000, 0x0000000081600000, 0x0000000081600000|100%|HS|  |TAMS 0x0000000081600000, 0x0000000081500000| Complete 
|  22|0x0000000081600000, 0x0000000081700000, 0x0000000081700000|100%|HC|  |TAMS 0x0000000081700000, 0x0000000081600000| Complete 
|  23|0x0000000081700000, 0x0000000081800000, 0x0000000081800000|100%|HC|  |TAMS 0x0000000081800000, 0x0000000081700000| Complete 
|  24|0x0000000081800000, 0x0000000081900000, 0x0000000081900000|100%|HC|  |TAMS 0x0000000081900000, 0x0000000081800000| Complete 
|  25|0x0000000081900000, 0x0000000081a00000, 0x0000000081a00000|100%|HC|  |TAMS 0x0000000081a00000, 0x0000000081900000| Complete 
|  26|0x0000000081a00000, 0x0000000081b00000, 0x0000000081b00000|100%| O|  |TAMS 0x0000000081b00000, 0x0000000081a00000| Untracked 
|  27|0x0000000081b00000, 0x0000000081c00000, 0x0000000081c00000|100%| O|  |TAMS 0x0000000081c00000, 0x0000000081b00000| Untracked 
|  28|0x0000000081c00000, 0x0000000081d00000, 0x0000000081d00000|100%| O|  |TAMS 0x0000000081d00000, 0x0000000081c00000| Untracked 
|  29|0x0000000081d00000, 0x0000000081e00000, 0x0000000081e00000|100%| O|  |TAMS 0x0000000081e00000, 0x0000000081d00000| Untracked 
|  30|0x0000000081e00000, 0x0000000081f00000, 0x0000000081f00000|100%| O|  |TAMS 0x0000000081f00000, 0x0000000081e00000| Untracked 
|  31|0x0000000081f00000, 0x0000000082000000, 0x0000000082000000|100%| O|  |TAMS 0x0000000082000000, 0x0000000081f00000| Untracked 
|  32|0x0000000082000000, 0x0000000082100000, 0x0000000082100000|100%| O|  |TAMS 0x0000000082100000, 0x0000000082000000| Untracked 
|  33|0x0000000082100000, 0x0000000082200000, 0x0000000082200000|100%| O|  |TAMS 0x0000000082200000, 0x0000000082100000| Untracked 
|  34|0x0000000082200000, 0x0000000082300000, 0x0000000082300000|100%| O|  |TAMS 0x0000000082300000, 0x0000000082200000| Untracked 
|  35|0x0000000082300000, 0x0000000082400000, 0x0000000082400000|100%| O|  |TAMS 0x0000000082400000, 0x0000000082300000| Untracked 
|  36|0x0000000082400000, 0x0000000082500000, 0x0000000082500000|100%| O|  |TAMS 0x0000000082500000, 0x0000000082400000| Untracked 
|  37|0x0000000082500000, 0x0000000082600000, 0x0000000082600000|100%| O|  |TAMS 0x0000000082600000, 0x0000000082500000| Untracked 
|  38|0x0000000082600000, 0x0000000082700000, 0x0000000082700000|100%| O|  |TAMS 0x0000000082700000, 0x0000000082600000| Untracked 
|  39|0x0000000082700000, 0x0000000082800000, 0x0000000082800000|100%| O|  |TAMS 0x0000000082800000, 0x0000000082700000| Untracked 
|  40|0x0000000082800000, 0x0000000082900000, 0x0000000082900000|100%| O|  |TAMS 0x0000000082900000, 0x0000000082800000| Untracked 
|  41|0x0000000082900000, 0x0000000082a00000, 0x0000000082a00000|100%| O|  |TAMS 0x0000000082a00000, 0x0000000082900000| Untracked 
|  42|0x0000000082a00000, 0x0000000082b00000, 0x0000000082b00000|100%| O|  |TAMS 0x0000000082b00000, 0x0000000082a00000| Untracked 
|  43|0x0000000082b00000, 0x0000000082c00000, 0x0000000082c00000|100%|HS|  |TAMS 0x0000000082c00000, 0x0000000082b00000| Complete 
|  44|0x0000000082c00000, 0x0000000082d00000, 0x0000000082d00000|100%|HC|  |TAMS 0x0000000082d00000, 0x0000000082c00000| Complete 
|  45|0x0000000082d00000, 0x0000000082e00000, 0x0000000082e00000|100%|HC|  |TAMS 0x0000000082e00000, 0x0000000082d00000| Complete 
|  46|0x0000000082e00000, 0x0000000082f00000, 0x0000000082f00000|100%|HC|  |TAMS 0x0000000082f00000, 0x0000000082e00000| Complete 
|  47|0x0000000082f00000, 0x0000000083000000, 0x0000000083000000|100%|HC|  |TAMS 0x0000000083000000, 0x0000000082f00000| Complete 
|  48|0x0000000083000000, 0x0000000083100000, 0x0000000083100000|100%| O|  |TAMS 0x0000000083100000, 0x0000000083000000| Untracked 
|  49|0x0000000083100000, 0x0000000083200000, 0x0000000083200000|100%| O|  |TAMS 0x0000000083200000, 0x0000000083100000| Untracked 
|  50|0x0000000083200000, 0x0000000083300000, 0x0000000083300000|100%| O|  |TAMS 0x0000000083200000, 0x0000000083200000| Untracked 
|  51|0x0000000083300000, 0x0000000083400000, 0x0000000083400000|100%| O|  |TAMS 0x0000000083400000, 0x0000000083300000| Untracked 
|  52|0x0000000083400000, 0x0000000083500000, 0x0000000083500000|100%| O|  |TAMS 0x0000000083500000, 0x0000000083400000| Untracked 
|  53|0x0000000083500000, 0x0000000083600000, 0x0000000083600000|100%| O|  |TAMS 0x0000000083600000, 0x0000000083500000| Untracked 
|  54|0x0000000083600000, 0x0000000083700000, 0x0000000083700000|100%|HS|  |TAMS 0x0000000083700000, 0x0000000083600000| Complete 
|  55|0x0000000083700000, 0x0000000083800000, 0x0000000083800000|100%|HC|  |TAMS 0x0000000083800000, 0x0000000083700000| Complete 
|  56|0x0000000083800000, 0x0000000083900000, 0x0000000083900000|100%|HC|  |TAMS 0x0000000083900000, 0x0000000083800000| Complete 
|  57|0x0000000083900000, 0x0000000083a00000, 0x0000000083a00000|100%| O|  |TAMS 0x0000000083a00000, 0x0000000083900000| Untracked 
|  58|0x0000000083a00000, 0x0000000083b00000, 0x0000000083b00000|100%| O|  |TAMS 0x0000000083b00000, 0x0000000083a00000| Untracked 
|  59|0x0000000083b00000, 0x0000000083c00000, 0x0000000083c00000|100%| O|  |TAMS 0x0000000083c00000, 0x0000000083b00000| Untracked 
|  60|0x0000000083c00000, 0x0000000083d00000, 0x0000000083d00000|100%| O|  |TAMS 0x0000000083d00000, 0x0000000083c00000| Untracked 
|  61|0x0000000083d00000, 0x0000000083e00000, 0x0000000083e00000|100%| O|  |TAMS 0x0000000083e00000, 0x0000000083d00000| Untracked 
|  62|0x0000000083e00000, 0x0000000083f00000, 0x0000000083f00000|100%| O|  |TAMS 0x0000000083f00000, 0x0000000083e00000| Untracked 
|  63|0x0000000083f00000, 0x0000000084000000, 0x0000000084000000|100%| O|  |TAMS 0x0000000084000000, 0x0000000083f00000| Untracked 
|  64|0x0000000084000000, 0x0000000084100000, 0x0000000084100000|100%| O|  |TAMS 0x0000000084100000, 0x0000000084000000| Untracked 
|  65|0x0000000084100000, 0x0000000084200000, 0x0000000084200000|100%| O|  |TAMS 0x0000000084200000, 0x0000000084100000| Untracked 
|  66|0x0000000084200000, 0x0000000084300000, 0x0000000084300000|100%| O|  |TAMS 0x0000000084300000, 0x0000000084200000| Untracked 
|  67|0x0000000084300000, 0x0000000084400000, 0x0000000084400000|100%| O|  |TAMS 0x0000000084400000, 0x0000000084300000| Untracked 
|  68|0x0000000084400000, 0x0000000084500000, 0x0000000084500000|100%| O|  |TAMS 0x0000000084500000, 0x0000000084400000| Untracked 
|  69|0x0000000084500000, 0x0000000084600000, 0x0000000084600000|100%| O|  |TAMS 0x00000000845ca800, 0x0000000084500000| Untracked 
|  70|0x0000000084600000, 0x0000000084700000, 0x0000000084700000|100%| O|  |TAMS 0x0000000084700000, 0x0000000084600000| Untracked 
|  71|0x0000000084700000, 0x0000000084800000, 0x0000000084800000|100%| O|  |TAMS 0x0000000084800000, 0x0000000084700000| Untracked 
|  72|0x0000000084800000, 0x0000000084900000, 0x0000000084900000|100%| O|  |TAMS 0x0000000084900000, 0x0000000084800000| Untracked 
|  73|0x0000000084900000, 0x0000000084a00000, 0x0000000084a00000|100%| O|  |TAMS 0x0000000084a00000, 0x0000000084900000| Untracked 
|  74|0x0000000084a00000, 0x0000000084b00000, 0x0000000084b00000|100%| O|  |TAMS 0x0000000084b00000, 0x0000000084a00000| Untracked 
|  75|0x0000000084b00000, 0x0000000084c00000, 0x0000000084c00000|100%| O|  |TAMS 0x0000000084b00000, 0x0000000084b00000| Untracked 
|  76|0x0000000084c00000, 0x0000000084d00000, 0x0000000084d00000|100%| O|  |TAMS 0x0000000084c00000, 0x0000000084c00000| Untracked 
|  77|0x0000000084d00000, 0x0000000084e00000, 0x0000000084e00000|100%|HS|  |TAMS 0x0000000084e00000, 0x0000000084d00000| Complete 
|  78|0x0000000084e00000, 0x0000000084f00000, 0x0000000084f00000|100%|HS|  |TAMS 0x0000000084f00000, 0x0000000084e00000| Complete 
|  79|0x0000000084f00000, 0x0000000085000000, 0x0000000085000000|100%|HS|  |TAMS 0x0000000085000000, 0x0000000084f00000| Complete 
|  80|0x0000000085000000, 0x0000000085100000, 0x0000000085100000|100%|HC|  |TAMS 0x0000000085100000, 0x0000000085000000| Complete 
|  81|0x0000000085100000, 0x0000000085200000, 0x0000000085200000|100%| O|  |TAMS 0x0000000085100000, 0x0000000085100000| Untracked 
|  82|0x0000000085200000, 0x0000000085300000, 0x0000000085300000|100%| O|  |TAMS 0x0000000085200000, 0x0000000085200000| Untracked 
|  83|0x0000000085300000, 0x0000000085400000, 0x0000000085400000|100%| O|  |TAMS 0x0000000085300000, 0x0000000085300000| Untracked 
|  84|0x0000000085400000, 0x0000000085500000, 0x0000000085500000|100%| O|  |TAMS 0x0000000085400000, 0x0000000085400000| Untracked 
|  85|0x0000000085500000, 0x0000000085600000, 0x0000000085600000|100%| O|  |TAMS 0x0000000085500000, 0x0000000085500000| Untracked 
|  86|0x0000000085600000, 0x0000000085700000, 0x0000000085700000|100%| O|  |TAMS 0x0000000085600000, 0x0000000085600000| Untracked 
|  87|0x0000000085700000, 0x0000000085800000, 0x0000000085800000|100%| O|  |TAMS 0x0000000085700000, 0x0000000085700000| Untracked 
|  88|0x0000000085800000, 0x0000000085900000, 0x0000000085900000|100%| O|  |TAMS 0x0000000085800000, 0x0000000085800000| Untracked 
|  89|0x0000000085900000, 0x0000000085a00000, 0x0000000085a00000|100%| O|  |TAMS 0x0000000085900000, 0x0000000085900000| Untracked 
|  90|0x0000000085a00000, 0x0000000085b00000, 0x0000000085b00000|100%| O|  |TAMS 0x0000000085a00000, 0x0000000085a00000| Untracked 
|  91|0x0000000085b00000, 0x0000000085c00000, 0x0000000085c00000|100%| O|  |TAMS 0x0000000085b00000, 0x0000000085b00000| Untracked 
|  92|0x0000000085c00000, 0x0000000085d00000, 0x0000000085d00000|100%| O|  |TAMS 0x0000000085c00000, 0x0000000085c00000| Untracked 
|  93|0x0000000085d00000, 0x0000000085e00000, 0x0000000085e00000|100%| O|  |TAMS 0x0000000085d00000, 0x0000000085d00000| Untracked 
|  94|0x0000000085e00000, 0x0000000085f00000, 0x0000000085f00000|100%| O|  |TAMS 0x0000000085e00000, 0x0000000085e00000| Untracked 
|  95|0x0000000085f00000, 0x0000000086000000, 0x0000000086000000|100%| O|  |TAMS 0x0000000085f00000, 0x0000000085f00000| Untracked 
|  96|0x0000000086000000, 0x0000000086100000, 0x0000000086100000|100%| O|  |TAMS 0x0000000086000000, 0x0000000086000000| Untracked 
|  97|0x0000000086100000, 0x0000000086200000, 0x0000000086200000|100%| O|  |TAMS 0x0000000086100000, 0x0000000086100000| Untracked 
|  98|0x0000000086200000, 0x0000000086300000, 0x0000000086300000|100%| O|  |TAMS 0x0000000086200000, 0x0000000086200000| Untracked 
|  99|0x0000000086300000, 0x0000000086400000, 0x0000000086400000|100%| O|  |TAMS 0x0000000086300000, 0x0000000086300000| Untracked 
| 100|0x0000000086400000, 0x0000000086500000, 0x0000000086500000|100%| O|  |TAMS 0x0000000086400000, 0x0000000086400000| Untracked 
| 101|0x0000000086500000, 0x0000000086600000, 0x0000000086600000|100%| O|  |TAMS 0x0000000086500000, 0x0000000086500000| Untracked 
| 102|0x0000000086600000, 0x0000000086700000, 0x0000000086700000|100%| O|  |TAMS 0x0000000086600000, 0x0000000086600000| Untracked 
| 103|0x0000000086700000, 0x0000000086800000, 0x0000000086800000|100%| O|  |TAMS 0x0000000086700000, 0x0000000086700000| Untracked 
| 104|0x0000000086800000, 0x0000000086900000, 0x0000000086900000|100%| O|  |TAMS 0x0000000086800000, 0x0000000086800000| Untracked 
| 105|0x0000000086900000, 0x0000000086a00000, 0x0000000086a00000|100%| O|  |TAMS 0x0000000086900000, 0x0000000086900000| Untracked 
| 106|0x0000000086a00000, 0x0000000086b00000, 0x0000000086b00000|100%| O|  |TAMS 0x0000000086a00000, 0x0000000086a00000| Untracked 
| 107|0x0000000086b00000, 0x0000000086c00000, 0x0000000086c00000|100%| O|  |TAMS 0x0000000086b00000, 0x0000000086b00000| Untracked 
| 108|0x0000000086c00000, 0x0000000086d00000, 0x0000000086d00000|100%| O|  |TAMS 0x0000000086c00000, 0x0000000086c00000| Untracked 
| 109|0x0000000086d00000, 0x0000000086e00000, 0x0000000086e00000|100%| O|  |TAMS 0x0000000086d00000, 0x0000000086d00000| Untracked 
| 110|0x0000000086e00000, 0x0000000086f00000, 0x0000000086f00000|100%| O|  |TAMS 0x0000000086e00000, 0x0000000086e00000| Untracked 
| 111|0x0000000086f00000, 0x0000000087000000, 0x0000000087000000|100%| O|  |TAMS 0x0000000086f00000, 0x0000000086f00000| Untracked 
| 112|0x0000000087000000, 0x0000000087100000, 0x0000000087100000|100%| O|  |TAMS 0x0000000087000000, 0x0000000087000000| Untracked 
| 113|0x0000000087100000, 0x0000000087200000, 0x0000000087200000|100%| O|  |TAMS 0x0000000087100000, 0x0000000087100000| Untracked 
| 114|0x0000000087200000, 0x0000000087300000, 0x0000000087300000|100%| O|  |TAMS 0x0000000087200000, 0x0000000087200000| Untracked 
| 115|0x0000000087300000, 0x0000000087400000, 0x0000000087400000|100%| O|  |TAMS 0x0000000087300000, 0x0000000087300000| Untracked 
| 116|0x0000000087400000, 0x0000000087500000, 0x0000000087500000|100%| O|  |TAMS 0x0000000087400000, 0x0000000087400000| Untracked 
| 117|0x0000000087500000, 0x0000000087600000, 0x0000000087600000|100%| O|  |TAMS 0x0000000087500000, 0x0000000087500000| Untracked 
| 118|0x0000000087600000, 0x0000000087700000, 0x0000000087700000|100%| O|  |TAMS 0x0000000087600000, 0x0000000087600000| Untracked 
| 119|0x0000000087700000, 0x0000000087800000, 0x0000000087800000|100%| O|  |TAMS 0x0000000087700000, 0x0000000087700000| Untracked 
| 120|0x0000000087800000, 0x0000000087900000, 0x0000000087900000|100%| O|  |TAMS 0x0000000087800000, 0x0000000087800000| Untracked 
| 121|0x0000000087900000, 0x0000000087a00000, 0x0000000087a00000|100%| O|  |TAMS 0x0000000087900000, 0x0000000087900000| Untracked 
| 122|0x0000000087a00000, 0x0000000087b00000, 0x0000000087b00000|100%| O|  |TAMS 0x0000000087a00000, 0x0000000087a00000| Untracked 
| 123|0x0000000087b00000, 0x0000000087c00000, 0x0000000087c00000|100%| O|  |TAMS 0x0000000087b00000, 0x0000000087b00000| Untracked 
| 124|0x0000000087c00000, 0x0000000087d00000, 0x0000000087d00000|100%| O|  |TAMS 0x0000000087c00000, 0x0000000087c00000| Untracked 
| 125|0x0000000087d00000, 0x0000000087d34400, 0x0000000087e00000| 20%| O|  |TAMS 0x0000000087d00000, 0x0000000087d00000| Untracked 
| 126|0x0000000087e00000, 0x0000000087e00000, 0x0000000087f00000|  0%| F|  |TAMS 0x0000000087e00000, 0x0000000087e00000| Untracked 
| 127|0x0000000087f00000, 0x0000000087f00000, 0x0000000088000000|  0%| F|  |TAMS 0x0000000087f00000, 0x0000000087f00000| Untracked 
| 128|0x0000000088000000, 0x0000000088000000, 0x0000000088100000|  0%| F|  |TAMS 0x0000000088000000, 0x0000000088000000| Untracked 
| 129|0x0000000088100000, 0x0000000088100000, 0x0000000088200000|  0%| F|  |TAMS 0x0000000088100000, 0x0000000088100000| Untracked 
| 130|0x0000000088200000, 0x0000000088200000, 0x0000000088300000|  0%| F|  |TAMS 0x0000000088200000, 0x0000000088200000| Untracked 
| 131|0x0000000088300000, 0x0000000088300000, 0x0000000088400000|  0%| F|  |TAMS 0x0000000088300000, 0x0000000088300000| Untracked 
| 132|0x0000000088400000, 0x0000000088400000, 0x0000000088500000|  0%| F|  |TAMS 0x0000000088400000, 0x0000000088400000| Untracked 
| 133|0x0000000088500000, 0x0000000088500000, 0x0000000088600000|  0%| F|  |TAMS 0x0000000088500000, 0x0000000088500000| Untracked 
| 134|0x0000000088600000, 0x0000000088600000, 0x0000000088700000|  0%| F|  |TAMS 0x0000000088600000, 0x0000000088600000| Untracked 
| 135|0x0000000088700000, 0x0000000088700000, 0x0000000088800000|  0%| F|  |TAMS 0x0000000088700000, 0x0000000088700000| Untracked 
| 136|0x0000000088800000, 0x0000000088800000, 0x0000000088900000|  0%| F|  |TAMS 0x0000000088800000, 0x0000000088800000| Untracked 
| 137|0x0000000088900000, 0x0000000088900000, 0x0000000088a00000|  0%| F|  |TAMS 0x0000000088900000, 0x0000000088900000| Untracked 
| 138|0x0000000088a00000, 0x0000000088a00000, 0x0000000088b00000|  0%| F|  |TAMS 0x0000000088a00000, 0x0000000088a00000| Untracked 
| 139|0x0000000088b00000, 0x0000000088b00000, 0x0000000088c00000|  0%| F|  |TAMS 0x0000000088b00000, 0x0000000088b00000| Untracked 
| 140|0x0000000088c00000, 0x0000000088c00000, 0x0000000088d00000|  0%| F|  |TAMS 0x0000000088c00000, 0x0000000088c00000| Untracked 
| 141|0x0000000088d00000, 0x0000000088d00000, 0x0000000088e00000|  0%| F|  |TAMS 0x0000000088d00000, 0x0000000088d00000| Untracked 
| 142|0x0000000088e00000, 0x0000000088e00000, 0x0000000088f00000|  0%| F|  |TAMS 0x0000000088e00000, 0x0000000088e00000| Untracked 
| 143|0x0000000088f00000, 0x0000000088f00000, 0x0000000089000000|  0%| F|  |TAMS 0x0000000088f00000, 0x0000000088f00000| Untracked 
| 144|0x0000000089000000, 0x0000000089000000, 0x0000000089100000|  0%| F|  |TAMS 0x0000000089000000, 0x0000000089000000| Untracked 
| 145|0x0000000089100000, 0x0000000089100000, 0x0000000089200000|  0%| F|  |TAMS 0x0000000089100000, 0x0000000089100000| Untracked 
| 146|0x0000000089200000, 0x0000000089200000, 0x0000000089300000|  0%| F|  |TAMS 0x0000000089200000, 0x0000000089200000| Untracked 
| 147|0x0000000089300000, 0x0000000089300000, 0x0000000089400000|  0%| F|  |TAMS 0x0000000089300000, 0x0000000089300000| Untracked 
| 148|0x0000000089400000, 0x0000000089400000, 0x0000000089500000|  0%| F|  |TAMS 0x0000000089400000, 0x0000000089400000| Untracked 
| 149|0x0000000089500000, 0x0000000089553b10, 0x0000000089600000| 32%| S|CS|TAMS 0x0000000089500000, 0x0000000089500000| Complete 
| 150|0x0000000089600000, 0x0000000089700000, 0x0000000089700000|100%| S|CS|TAMS 0x0000000089600000, 0x0000000089600000| Complete 
| 151|0x0000000089700000, 0x0000000089800000, 0x0000000089800000|100%| S|CS|TAMS 0x0000000089700000, 0x0000000089700000| Complete 
| 152|0x0000000089800000, 0x0000000089800000, 0x0000000089900000|  0%| F|  |TAMS 0x0000000089800000, 0x0000000089800000| Untracked 
| 153|0x0000000089900000, 0x0000000089a00000, 0x0000000089a00000|100%| S|CS|TAMS 0x0000000089900000, 0x0000000089900000| Complete 
| 154|0x0000000089a00000, 0x0000000089a00000, 0x0000000089b00000|  0%| F|  |TAMS 0x0000000089a00000, 0x0000000089a00000| Untracked 
| 155|0x0000000089b00000, 0x0000000089b00000, 0x0000000089c00000|  0%| F|  |TAMS 0x0000000089b00000, 0x0000000089b00000| Untracked 
| 156|0x0000000089c00000, 0x0000000089c00000, 0x0000000089d00000|  0%| F|  |TAMS 0x0000000089c00000, 0x0000000089c00000| Untracked 
| 157|0x0000000089d00000, 0x0000000089d00000, 0x0000000089e00000|  0%| F|  |TAMS 0x0000000089d00000, 0x0000000089d00000| Untracked 
| 158|0x0000000089e00000, 0x0000000089e00000, 0x0000000089f00000|  0%| F|  |TAMS 0x0000000089e00000, 0x0000000089e00000| Untracked 
| 159|0x0000000089f00000, 0x0000000089f00000, 0x000000008a000000|  0%| F|  |TAMS 0x0000000089f00000, 0x0000000089f00000| Untracked 
| 160|0x000000008a000000, 0x000000008a000000, 0x000000008a100000|  0%| F|  |TAMS 0x000000008a000000, 0x000000008a000000| Untracked 
| 161|0x000000008a100000, 0x000000008a100000, 0x000000008a200000|  0%| F|  |TAMS 0x000000008a100000, 0x000000008a100000| Untracked 
| 162|0x000000008a200000, 0x000000008a200000, 0x000000008a300000|  0%| F|  |TAMS 0x000000008a200000, 0x000000008a200000| Untracked 
| 163|0x000000008a300000, 0x000000008a300000, 0x000000008a400000|  0%| F|  |TAMS 0x000000008a300000, 0x000000008a300000| Untracked 
| 164|0x000000008a400000, 0x000000008a400000, 0x000000008a500000|  0%| F|  |TAMS 0x000000008a400000, 0x000000008a400000| Untracked 
| 165|0x000000008a500000, 0x000000008a500000, 0x000000008a600000|  0%| F|  |TAMS 0x000000008a500000, 0x000000008a500000| Untracked 
| 166|0x000000008a600000, 0x000000008a600000, 0x000000008a700000|  0%| F|  |TAMS 0x000000008a600000, 0x000000008a600000| Untracked 
| 167|0x000000008a700000, 0x000000008a700000, 0x000000008a800000|  0%| F|  |TAMS 0x000000008a700000, 0x000000008a700000| Untracked 
| 168|0x000000008a800000, 0x000000008a800000, 0x000000008a900000|  0%| F|  |TAMS 0x000000008a800000, 0x000000008a800000| Untracked 
| 169|0x000000008a900000, 0x000000008a900000, 0x000000008aa00000|  0%| F|  |TAMS 0x000000008a900000, 0x000000008a900000| Untracked 
| 170|0x000000008aa00000, 0x000000008aa00000, 0x000000008ab00000|  0%| F|  |TAMS 0x000000008aa00000, 0x000000008aa00000| Untracked 
| 171|0x000000008ab00000, 0x000000008ab00000, 0x000000008ac00000|  0%| F|  |TAMS 0x000000008ab00000, 0x000000008ab00000| Untracked 
| 172|0x000000008ac00000, 0x000000008ac00000, 0x000000008ad00000|  0%| F|  |TAMS 0x000000008ac00000, 0x000000008ac00000| Untracked 
| 173|0x000000008ad00000, 0x000000008ad00000, 0x000000008ae00000|  0%| F|  |TAMS 0x000000008ad00000, 0x000000008ad00000| Untracked 
| 174|0x000000008ae00000, 0x000000008ae00000, 0x000000008af00000|  0%| F|  |TAMS 0x000000008ae00000, 0x000000008ae00000| Untracked 
| 175|0x000000008af00000, 0x000000008af00000, 0x000000008b000000|  0%| F|  |TAMS 0x000000008af00000, 0x000000008af00000| Untracked 
| 176|0x000000008b000000, 0x000000008b000000, 0x000000008b100000|  0%| F|  |TAMS 0x000000008b000000, 0x000000008b000000| Untracked 
| 177|0x000000008b100000, 0x000000008b100000, 0x000000008b200000|  0%| F|  |TAMS 0x000000008b100000, 0x000000008b100000| Untracked 
| 178|0x000000008b200000, 0x000000008b200000, 0x000000008b300000|  0%| F|  |TAMS 0x000000008b200000, 0x000000008b200000| Untracked 
| 179|0x000000008b300000, 0x000000008b300000, 0x000000008b400000|  0%| F|  |TAMS 0x000000008b300000, 0x000000008b300000| Untracked 
| 180|0x000000008b400000, 0x000000008b400000, 0x000000008b500000|  0%| F|  |TAMS 0x000000008b400000, 0x000000008b400000| Untracked 
| 181|0x000000008b500000, 0x000000008b500000, 0x000000008b600000|  0%| F|  |TAMS 0x000000008b500000, 0x000000008b500000| Untracked 
| 182|0x000000008b600000, 0x000000008b600000, 0x000000008b700000|  0%| F|  |TAMS 0x000000008b600000, 0x000000008b600000| Untracked 
| 183|0x000000008b700000, 0x000000008b700000, 0x000000008b800000|  0%| F|  |TAMS 0x000000008b700000, 0x000000008b700000| Untracked 
| 184|0x000000008b800000, 0x000000008b800000, 0x000000008b900000|  0%| F|  |TAMS 0x000000008b800000, 0x000000008b800000| Untracked 
| 185|0x000000008b900000, 0x000000008ba00000, 0x000000008ba00000|100%| E|  |TAMS 0x000000008b900000, 0x000000008b900000| Complete 
| 186|0x000000008ba00000, 0x000000008bb00000, 0x000000008bb00000|100%| E|CS|TAMS 0x000000008ba00000, 0x000000008ba00000| Complete 
| 187|0x000000008bb00000, 0x000000008bc00000, 0x000000008bc00000|100%| E|CS|TAMS 0x000000008bb00000, 0x000000008bb00000| Complete 
| 188|0x000000008bc00000, 0x000000008bd00000, 0x000000008bd00000|100%| E|CS|TAMS 0x000000008bc00000, 0x000000008bc00000| Complete 
| 189|0x000000008bd00000, 0x000000008be00000, 0x000000008be00000|100%| E|CS|TAMS 0x000000008bd00000, 0x000000008bd00000| Complete 
| 190|0x000000008be00000, 0x000000008bf00000, 0x000000008bf00000|100%| E|CS|TAMS 0x000000008be00000, 0x000000008be00000| Complete 
| 191|0x000000008bf00000, 0x000000008c000000, 0x000000008c000000|100%| E|CS|TAMS 0x000000008bf00000, 0x000000008bf00000| Complete 
| 192|0x000000008c000000, 0x000000008c100000, 0x000000008c100000|100%| E|CS|TAMS 0x000000008c000000, 0x000000008c000000| Complete 
| 193|0x000000008c100000, 0x000000008c200000, 0x000000008c200000|100%| E|CS|TAMS 0x000000008c100000, 0x000000008c100000| Complete 
| 194|0x000000008c200000, 0x000000008c300000, 0x000000008c300000|100%| E|CS|TAMS 0x000000008c200000, 0x000000008c200000| Complete 
| 195|0x000000008c300000, 0x000000008c400000, 0x000000008c400000|100%| E|CS|TAMS 0x000000008c300000, 0x000000008c300000| Complete 
| 196|0x000000008c400000, 0x000000008c500000, 0x000000008c500000|100%| E|CS|TAMS 0x000000008c400000, 0x000000008c400000| Complete 
| 197|0x000000008c500000, 0x000000008c600000, 0x000000008c600000|100%| E|CS|TAMS 0x000000008c500000, 0x000000008c500000| Complete 
| 198|0x000000008c600000, 0x000000008c700000, 0x000000008c700000|100%| E|CS|TAMS 0x000000008c600000, 0x000000008c600000| Complete 
| 199|0x000000008c700000, 0x000000008c800000, 0x000000008c800000|100%| E|CS|TAMS 0x000000008c700000, 0x000000008c700000| Complete 
| 200|0x000000008c800000, 0x000000008c900000, 0x000000008c900000|100%| E|CS|TAMS 0x000000008c800000, 0x000000008c800000| Complete 
| 201|0x000000008c900000, 0x000000008ca00000, 0x000000008ca00000|100%| E|CS|TAMS 0x000000008c900000, 0x000000008c900000| Complete 
| 202|0x000000008ca00000, 0x000000008cb00000, 0x000000008cb00000|100%| E|CS|TAMS 0x000000008ca00000, 0x000000008ca00000| Complete 
| 203|0x000000008cb00000, 0x000000008cc00000, 0x000000008cc00000|100%| E|CS|TAMS 0x000000008cb00000, 0x000000008cb00000| Complete 

Card table byte_map: [0x00000182598c0000,0x0000018259cc0000] _byte_map_base: 0x00000182594c0000

Marking Bits (Prev, Next): (CMBitMap*) 0x00000182466f0418, (CMBitMap*) 0x00000182466f0450
 Prev Bits: [0x000001825a0c0000, 0x000001825c0c0000)
 Next Bits: [0x000001825c0c0000, 0x000001825e0c0000)

Polling page: 0x00000182445a0000

Metaspace:

Usage:
  Non-class:    108.05 MB capacity,   105.84 MB ( 98%) used,     1.84 MB (  2%) free+waste,   379.81 KB ( <1%) overhead. 
      Class:     16.05 MB capacity,    14.81 MB ( 92%) used,     1.07 MB (  7%) free+waste,   171.56 KB (  1%) overhead. 
       Both:    124.10 MB capacity,   120.65 MB ( 97%) used,     2.91 MB (  2%) free+waste,   551.38 KB ( <1%) overhead. 

Virtual space:
  Non-class space:      110.00 MB reserved,     108.17 MB ( 98%) committed 
      Class space:        1.00 GB reserved,      16.13 MB (  2%) committed 
             Both:        1.11 GB reserved,     124.29 MB ( 11%) committed 

Chunk freelists:
   Non-Class:  0 bytes
       Class:  0 bytes
        Both:  0 bytes

MaxMetaspaceSize: 17179869184.00 GB
CompressedClassSpaceSize: 1.00 GB

CodeHeap 'non-profiled nmethods': size=120000Kb used=15940Kb max_used=15940Kb free=104059Kb
 bounds [0x0000018251c60000, 0x0000018252c00000, 0x0000018259190000]
CodeHeap 'profiled nmethods': size=120000Kb used=40427Kb max_used=40427Kb free=79572Kb
 bounds [0x000001824a730000, 0x000001824ced0000, 0x0000018251c60000]
CodeHeap 'non-nmethods': size=5760Kb used=2354Kb max_used=2396Kb free=3405Kb
 bounds [0x000001824a190000, 0x000001824a410000, 0x000001824a730000]
 total_blobs=19007 nmethods=18023 adapters=894
 compilation: enabled
              stopped_count=0, restarted_count=0
 full_count=0

Compilation events (20 events):
Event: 1568.381 Thread 0x0000018260b14000 20721       3       org.gradle.internal.snapshot.SnapshotUtil$$Lambda$497/0x000000010065d440::<init> (10 bytes)
Event: 1568.381 Thread 0x0000018260b14000 nmethod 20721 0x000001824ce94110 code [0x000001824ce942c0, 0x000001824ce94478]
Event: 1568.381 Thread 0x0000018260b14000 20724       3       org.gradle.internal.file.DefaultFileHierarchySet$PrefixFileSet::toPath (65 bytes)
Event: 1568.382 Thread 0x0000018260b14000 nmethod 20724 0x000001824ce94510 code [0x000001824ce94760, 0x000001824ce94dd8]
Event: 1568.382 Thread 0x0000018260b14000 20720       3       org.gradle.internal.snapshot.SnapshotUtil$$Lambda$497/0x000000010065d440::get$Lambda (9 bytes)
Event: 1568.382 Thread 0x0000018260b14000 nmethod 20720 0x000001824ce95090 code [0x000001824ce95260, 0x000001824ce954b8]
Event: 1568.382 Thread 0x0000018260b14000 20723       3       org.gradle.internal.snapshot.SingletonChildMap$1::withRemovedChild (4 bytes)
Event: 1568.382 Thread 0x0000018260b14000 nmethod 20723 0x000001824ce95590 code [0x000001824ce95740, 0x000001824ce95898]
Event: 1568.383 Thread 0x0000018268cd6800 nmethod 20659 0x0000018252bd9590 code [0x0000018252bd99a0, 0x0000018252bdd038]
Event: 1568.383 Thread 0x0000018268cd6800 20698       4       org.gradle.internal.snapshot.DirectorySnapshot$$Lambda$1179/0x0000000100dc3c40::accept (20 bytes)
Event: 1568.393 Thread 0x0000018260b14000 20725       3       com.google.common.collect.ImmutableListMultimap::of (4 bytes)
Event: 1568.393 Thread 0x0000018260b14000 nmethod 20725 0x000001824ce95990 code [0x000001824ce95b40, 0x000001824ce95c38]
Event: 1568.400 Thread 0x0000018260b0b800 nmethod 20690 0x0000018252bdee10 code [0x0000018252bdf0c0, 0x0000018252be1c60]
Event: 1568.400 Thread 0x0000018268cd6800 nmethod 20698 0x0000018252be3490 code [0x0000018252be3700, 0x0000018252be4530]
Event: 1568.400 Thread 0x0000018268cd6800 20695       4       org.gradle.internal.snapshot.VfsRelativePath::determineOffset (34 bytes)
Event: 1568.400 Thread 0x0000018260b0b800 20687       4       org.gradle.api.internal.attributes.DefaultImmutableAttributes::coerce (38 bytes)
Event: 1568.401 Thread 0x0000018268cd6800 nmethod 20695 0x0000018252be4f10 code [0x0000018252be50a0, 0x0000018252be5198]
Event: 1568.401 Thread 0x0000018268cd6800 20705       4       java.util.concurrent.atomic.AtomicLong::addAndGet (14 bytes)
Event: 1568.401 Thread 0x0000018268cd6800 nmethod 20705 0x0000018252be5390 code [0x0000018252be5520, 0x0000018252be5598]
Event: 1568.402 Thread 0x0000018260b14000 20726       3       org.gradle.internal.execution.steps.LoadExecutionStateStep$1::<init> (20 bytes)

GC Heap History (20 events):
Event: 431.277 GC heap before
{Heap before GC invocations=137 (full 0):
 garbage-first heap   total 208896K, used 179068K [0x0000000080000000, 0x0000000100000000)
  region size 1024K, 66 young (67584K), 6 survivors (6144K)
 Metaspace       used 116993K, capacity 120216K, committed 120236K, reserved 1155072K
  class space    used 14417K, capacity 15611K, committed 15616K, reserved 1048576K
}
Event: 431.285 GC heap after
{Heap after GC invocations=138 (full 0):
 garbage-first heap   total 208896K, used 120780K [0x0000000080000000, 0x0000000100000000)
  region size 1024K, 7 young (7168K), 7 survivors (7168K)
 Metaspace       used 116993K, capacity 120216K, committed 120236K, reserved 1155072K
  class space    used 14417K, capacity 15611K, committed 15616K, reserved 1048576K
}
Event: 1444.976 GC heap before
{Heap before GC invocations=138 (full 0):
 garbage-first heap   total 208896K, used 178124K [0x0000000080000000, 0x0000000100000000)
  region size 1024K, 64 young (65536K), 7 survivors (7168K)
 Metaspace       used 118097K, capacity 121457K, committed 121772K, reserved 1155072K
  class space    used 14523K, capacity 15772K, committed 15872K, reserved 1048576K
}
Event: 1444.986 GC heap after
{Heap after GC invocations=139 (full 0):
 garbage-first heap   total 208896K, used 124289K [0x0000000080000000, 0x0000000100000000)
  region size 1024K, 8 young (8192K), 8 survivors (8192K)
 Metaspace       used 118097K, capacity 121457K, committed 121772K, reserved 1155072K
  class space    used 14523K, capacity 15772K, committed 15872K, reserved 1048576K
}
Event: 1445.354 GC heap before
{Heap before GC invocations=139 (full 0):
 garbage-first heap   total 208896K, used 177537K [0x0000000080000000, 0x0000000100000000)
  region size 1024K, 61 young (62464K), 8 survivors (8192K)
 Metaspace       used 118202K, capacity 121586K, committed 121772K, reserved 1155072K
  class space    used 14529K, capacity 15772K, committed 15872K, reserved 1048576K
}
Event: 1445.362 GC heap after
{Heap after GC invocations=140 (full 0):
 garbage-first heap   total 208896K, used 127449K [0x0000000080000000, 0x0000000100000000)
  region size 1024K, 7 young (7168K), 7 survivors (7168K)
 Metaspace       used 118202K, capacity 121586K, committed 121772K, reserved 1155072K
  class space    used 14529K, capacity 15772K, committed 15872K, reserved 1048576K
}
Event: 1445.563 GC heap before
{Heap before GC invocations=140 (full 0):
 garbage-first heap   total 208896K, used 177625K [0x0000000080000000, 0x0000000100000000)
  region size 1024K, 57 young (58368K), 7 survivors (7168K)
 Metaspace       used 118220K, capacity 121586K, committed 121772K, reserved 1155072K
  class space    used 14529K, capacity 15772K, committed 15872K, reserved 1048576K
}
Event: 1445.567 GC heap after
{Heap after GC invocations=141 (full 0):
 garbage-first heap   total 208896K, used 126114K [0x0000000080000000, 0x0000000100000000)
  region size 1024K, 2 young (2048K), 2 survivors (2048K)
 Metaspace       used 118220K, capacity 121586K, committed 121772K, reserved 1155072K
  class space    used 14529K, capacity 15772K, committed 15872K, reserved 1048576K
}
Event: 1534.673 GC heap before
{Heap before GC invocations=141 (full 0):
 garbage-first heap   total 208896K, used 178338K [0x0000000080000000, 0x0000000100000000)
  region size 1024K, 54 young (55296K), 2 survivors (2048K)
 Metaspace       used 118726K, capacity 122119K, committed 122284K, reserved 1155072K
  class space    used 14577K, capacity 15812K, committed 15872K, reserved 1048576K
}
Event: 1534.707 GC heap after
{Heap after GC invocations=142 (full 0):
 garbage-first heap   total 208896K, used 130869K [0x0000000080000000, 0x0000000100000000)
  region size 1024K, 7 young (7168K), 7 survivors (7168K)
 Metaspace       used 118726K, capacity 122119K, committed 122284K, reserved 1155072K
  class space    used 14577K, capacity 15812K, committed 15872K, reserved 1048576K
}
Event: 1534.882 GC heap before
{Heap before GC invocations=142 (full 0):
 garbage-first heap   total 208896K, used 175925K [0x0000000080000000, 0x0000000100000000)
  region size 1024K, 52 young (53248K), 7 survivors (7168K)
 Metaspace       used 118741K, capacity 122119K, committed 122284K, reserved 1155072K
  class space    used 14577K, capacity 15812K, committed 15872K, reserved 1048576K
}
Event: 1534.886 GC heap after
{Heap after GC invocations=143 (full 0):
 garbage-first heap   total 208896K, used 130423K [0x0000000080000000, 0x0000000100000000)
  region size 1024K, 3 young (3072K), 3 survivors (3072K)
 Metaspace       used 118741K, capacity 122119K, committed 122284K, reserved 1155072K
  class space    used 14577K, capacity 15812K, committed 15872K, reserved 1048576K
}
Event: 1536.825 GC heap before
{Heap before GC invocations=143 (full 0):
 garbage-first heap   total 208896K, used 175479K [0x0000000080000000, 0x0000000100000000)
  region size 1024K, 48 young (49152K), 3 survivors (3072K)
 Metaspace       used 118897K, capacity 122291K, committed 122540K, reserved 1157120K
  class space    used 14598K, capacity 15848K, committed 15872K, reserved 1048576K
}
Event: 1536.835 GC heap after
{Heap after GC invocations=144 (full 0):
 garbage-first heap   total 208896K, used 129197K [0x0000000080000000, 0x0000000100000000)
  region size 1024K, 1 young (1024K), 1 survivors (1024K)
 Metaspace       used 118897K, capacity 122291K, committed 122540K, reserved 1157120K
  class space    used 14598K, capacity 15848K, committed 15872K, reserved 1048576K
}
Event: 1539.309 GC heap before
{Heap before GC invocations=144 (full 0):
 garbage-first heap   total 208896K, used 179373K [0x0000000080000000, 0x0000000100000000)
  region size 1024K, 50 young (51200K), 1 survivors (1024K)
 Metaspace       used 118897K, capacity 122291K, committed 122540K, reserved 1157120K
  class space    used 14598K, capacity 15848K, committed 15872K, reserved 1048576K
}
Event: 1539.310 GC heap after
{Heap after GC invocations=145 (full 0):
 garbage-first heap   total 208896K, used 129131K [0x0000000080000000, 0x0000000100000000)
  region size 1024K, 1 young (1024K), 1 survivors (1024K)
 Metaspace       used 118897K, capacity 122291K, committed 122540K, reserved 1157120K
  class space    used 14598K, capacity 15848K, committed 15872K, reserved 1048576K
}
Event: 1545.228 GC heap before
{Heap before GC invocations=145 (full 0):
 garbage-first heap   total 208896K, used 179307K [0x0000000080000000, 0x0000000100000000)
  region size 1024K, 50 young (51200K), 1 survivors (1024K)
 Metaspace       used 119350K, capacity 122716K, committed 122924K, reserved 1157120K
  class space    used 14648K, capacity 15882K, committed 16000K, reserved 1048576K
}
Event: 1545.240 GC heap after
{Heap after GC invocations=146 (full 0):
 garbage-first heap   total 208896K, used 129268K [0x0000000080000000, 0x0000000100000000)
  region size 1024K, 2 young (2048K), 2 survivors (2048K)
 Metaspace       used 119350K, capacity 122716K, committed 122924K, reserved 1157120K
  class space    used 14648K, capacity 15882K, committed 16000K, reserved 1048576K
}
Event: 1567.571 GC heap before
{Heap before GC invocations=146 (full 0):
 garbage-first heap   total 208896K, used 178420K [0x0000000080000000, 0x0000000100000000)
  region size 1024K, 51 young (52224K), 2 survivors (2048K)
 Metaspace       used 123301K, capacity 126838K, committed 127020K, reserved 1159168K
  class space    used 15151K, capacity 16427K, committed 16512K, reserved 1048576K
}
Event: 1567.595 GC heap after
{Heap after GC invocations=147 (full 0):
 garbage-first heap   total 208896K, used 131615K [0x0000000080000000, 0x0000000100000000)
  region size 1024K, 4 young (4096K), 4 survivors (4096K)
 Metaspace       used 123301K, capacity 126838K, committed 127020K, reserved 1159168K
  class space    used 15151K, capacity 16427K, committed 16512K, reserved 1048576K
}

Deoptimization events (20 events):
Event: 1567.680 Thread 0x0000018263400800 Uncommon trap: trap_request=0xffffff4d fr.pc=0x0000018251fe0e68 relative=0x0000000000001388
Event: 1567.680 Thread 0x0000018263400800 Uncommon trap: reason=unstable_if action=reinterpret pc=0x0000018251fe0e68 method=com.esotericsoftware.kryo.io.Input.readString()Ljava/lang/String; @ 38 c2
Event: 1567.680 Thread 0x0000018263400800 DEOPT PACKING pc=0x0000018251fe0e68 sp=0x0000003e063fa780
Event: 1567.680 Thread 0x0000018263400800 DEOPT UNPACKING pc=0x000001824a1b782f sp=0x0000003e063fa768 mode 2
Event: 1567.696 Thread 0x000001826b3b3000 Uncommon trap: trap_request=0xffffff4d fr.pc=0x000001825286de24 relative=0x0000000000000764
Event: 1567.696 Thread 0x000001826b3b3000 Uncommon trap: reason=unstable_if action=reinterpret pc=0x000001825286de24 method=org.gradle.internal.file.FilePathUtil.sizeOfCommonPrefix(Ljava/lang/String;Ljava/lang/String;IC)I @ 133 c2
Event: 1567.696 Thread 0x000001826b3b3000 DEOPT PACKING pc=0x000001825286de24 sp=0x0000003e058fbf00
Event: 1567.696 Thread 0x000001826b3b3000 DEOPT UNPACKING pc=0x000001824a1b782f sp=0x0000003e058fbe70 mode 2
Event: 1568.198 Thread 0x00000182615dd800 Uncommon trap: trap_request=0xffffffc6 fr.pc=0x0000018252936090 relative=0x00000000000002b0
Event: 1568.198 Thread 0x00000182615dd800 Uncommon trap: reason=bimorphic_or_optimized_type_check action=maybe_recompile pc=0x0000018252936090 method=java.util.Collections$SetFromMap.contains(Ljava/lang/Object;)Z @ 5 c2
Event: 1568.198 Thread 0x00000182615dd800 DEOPT PACKING pc=0x0000018252936090 sp=0x0000003e05efe310
Event: 1568.198 Thread 0x00000182615dd800 DEOPT UNPACKING pc=0x000001824a1b782f sp=0x0000003e05efe2b8 mode 2
Event: 1568.301 Thread 0x00000182615dd800 Uncommon trap: trap_request=0xffffffc6 fr.pc=0x0000018252936090 relative=0x00000000000002b0
Event: 1568.301 Thread 0x00000182615dd800 Uncommon trap: reason=bimorphic_or_optimized_type_check action=maybe_recompile pc=0x0000018252936090 method=java.util.Collections$SetFromMap.contains(Ljava/lang/Object;)Z @ 5 c2
Event: 1568.301 Thread 0x00000182615dd800 DEOPT PACKING pc=0x0000018252936090 sp=0x0000003e05efe310
Event: 1568.301 Thread 0x00000182615dd800 DEOPT UNPACKING pc=0x000001824a1b782f sp=0x0000003e05efe2b8 mode 2
Event: 1568.301 Thread 0x00000182615dd800 Uncommon trap: trap_request=0xffffffc6 fr.pc=0x0000018252936090 relative=0x00000000000002b0
Event: 1568.301 Thread 0x00000182615dd800 Uncommon trap: reason=bimorphic_or_optimized_type_check action=maybe_recompile pc=0x0000018252936090 method=java.util.Collections$SetFromMap.contains(Ljava/lang/Object;)Z @ 5 c2
Event: 1568.301 Thread 0x00000182615dd800 DEOPT PACKING pc=0x0000018252936090 sp=0x0000003e05efe310
Event: 1568.301 Thread 0x00000182615dd800 DEOPT UNPACKING pc=0x000001824a1b782f sp=0x0000003e05efe2b8 mode 2

Classes redefined (0 events):
No events

Internal exceptions (20 events):
Event: 1566.018 Thread 0x0000018261b93000 Exception <a 'sun/nio/fs/WindowsException'{0x000000008b153120}> (0x000000008b153120) thrown at [./src/hotspot/share/prims/jni.cpp, line 615]
Event: 1566.019 Thread 0x0000018261b93000 Exception <a 'sun/nio/fs/WindowsException'{0x000000008b1541a0}> (0x000000008b1541a0) thrown at [./src/hotspot/share/prims/jni.cpp, line 615]
Event: 1566.020 Thread 0x0000018261b93000 Exception <a 'sun/nio/fs/WindowsException'{0x000000008b155220}> (0x000000008b155220) thrown at [./src/hotspot/share/prims/jni.cpp, line 615]
Event: 1566.058 Thread 0x0000018261b93000 Exception <a 'sun/nio/fs/WindowsException'{0x000000008b187410}> (0x000000008b187410) thrown at [./src/hotspot/share/prims/jni.cpp, line 615]
Event: 1566.059 Thread 0x0000018261b93000 Exception <a 'sun/nio/fs/WindowsException'{0x000000008b188440}> (0x000000008b188440) thrown at [./src/hotspot/share/prims/jni.cpp, line 615]
Event: 1566.059 Thread 0x0000018261b93000 Exception <a 'sun/nio/fs/WindowsException'{0x000000008b1894c0}> (0x000000008b1894c0) thrown at [./src/hotspot/share/prims/jni.cpp, line 615]
Event: 1566.060 Thread 0x0000018261b93000 Exception <a 'sun/nio/fs/WindowsException'{0x000000008b18a540}> (0x000000008b18a540) thrown at [./src/hotspot/share/prims/jni.cpp, line 615]
Event: 1566.379 Thread 0x0000018261b93000 Exception <a 'java/lang/NoSuchMethodError'{0x000000008ad355d8}: 'java.lang.Object java.lang.invoke.Invokers$Holder.linkToTargetMethod(java.lang.Object, int, int, java.lang.Object)'> (0x000000008ad355d8) thrown at [./src/hotspot/share/interpreter/linkResolver.cpp, line 773]
Event: 1566.563 Thread 0x0000018261b93000 Exception <a 'java/lang/NoSuchMethodError'{0x000000008a7bc920}: <clinit>> (0x000000008a7bc920) thrown at [./src/hotspot/share/prims/jni.cpp, line 1362]
Event: 1566.580 Thread 0x0000018261b93000 Exception <a 'sun/nio/fs/WindowsException'{0x000000008a623550}> (0x000000008a623550) thrown at [./src/hotspot/share/prims/jni.cpp, line 615]
Event: 1566.717 Thread 0x0000018261b9a800 Exception <a 'java/lang/NoSuchMethodError'{0x000000008a4e24d8}: <clinit>> (0x000000008a4e24d8) thrown at [./src/hotspot/share/prims/jni.cpp, line 1362]
Event: 1566.717 Thread 0x0000018261b9a800 Exception <a 'java/lang/NoSuchMethodError'{0x000000008a4ec4c0}: <clinit>> (0x000000008a4ec4c0) thrown at [./src/hotspot/share/prims/jni.cpp, line 1362]
Event: 1566.731 Thread 0x0000018261b9a800 Exception <a 'java/lang/NoSuchMethodError'{0x000000008a303900}: <clinit>> (0x000000008a303900) thrown at [./src/hotspot/share/prims/jni.cpp, line 1362]
Event: 1566.732 Thread 0x0000018261b9a800 Exception <a 'java/lang/NoSuchMethodError'{0x000000008a356708}: <clinit>> (0x000000008a356708) thrown at [./src/hotspot/share/prims/jni.cpp, line 1362]
Event: 1566.732 Thread 0x0000018261b9a800 Exception <a 'java/lang/NoSuchMethodError'{0x000000008a357c58}: <clinit>> (0x000000008a357c58) thrown at [./src/hotspot/share/prims/jni.cpp, line 1362]
Event: 1566.895 Thread 0x0000018261b9a800 Exception <a 'java/lang/NoSuchMethodError'{0x000000008a085f40}: <clinit>> (0x000000008a085f40) thrown at [./src/hotspot/share/prims/jni.cpp, line 1362]
Event: 1567.298 Thread 0x0000018261b9a800 Exception <a 'java/lang/NoSuchMethodError'{0x0000000089e9ef28}: <clinit>> (0x0000000089e9ef28) thrown at [./src/hotspot/share/prims/jni.cpp, line 1362]
Event: 1567.329 Thread 0x00000182615dd800 Exception <a 'sun/nio/fs/WindowsException'{0x0000000089ebc3b8}> (0x0000000089ebc3b8) thrown at [./src/hotspot/share/prims/jni.cpp, line 615]
Event: 1567.329 Thread 0x00000182615dd800 Exception <a 'sun/nio/fs/WindowsException'{0x0000000089ebd230}> (0x0000000089ebd230) thrown at [./src/hotspot/share/prims/jni.cpp, line 615]
Event: 1567.399 Thread 0x0000018263402000 Exception <a 'sun/nio/fs/WindowsException'{0x0000000089cc2bb0}> (0x0000000089cc2bb0) thrown at [./src/hotspot/share/prims/jni.cpp, line 615]

Events (20 events):
Event: 1568.200 Executing VM operation: RevokeBias
Event: 1568.200 Executing VM operation: RevokeBias done
Event: 1568.221 loading class kotlin/collections/ArrayAsCollection
Event: 1568.221 loading class kotlin/collections/ArrayAsCollection done
Event: 1568.299 Executing VM operation: RevokeBias
Event: 1568.299 Executing VM operation: RevokeBias done
Event: 1568.325 Executing VM operation: RevokeBias
Event: 1568.326 Executing VM operation: RevokeBias done
Event: 1568.337 loading class com/android/build/gradle/tasks/MergeResources$Flag
Event: 1568.337 loading class com/android/build/gradle/tasks/MergeResources$Flag done
Event: 1568.340 loading class com/google/common/collect/ImmutableList$Builder
Event: 1568.340 loading class com/google/common/collect/ImmutableList$Builder done
Event: 1568.340 loading class org/gradle/api/internal/file/FileCollectionInternal
Event: 1568.340 loading class org/gradle/api/internal/file/FileCollectionInternal done
Event: 1568.340 loading class org/gradle/api/internal/file/collections/DefaultConfigurableFileCollection
Event: 1568.340 loading class org/gradle/api/internal/file/collections/DefaultConfigurableFileCollection done
Event: 1568.340 loading class org/gradle/api/internal/file/collections/DefaultConfigurableFileCollection$1
Event: 1568.340 loading class org/gradle/api/internal/file/collections/DefaultConfigurableFileCollection$1 done
Event: 1568.341 loading class org/gradle/api/internal/file/collections/DefaultConfigurableFileCollection$ResolvedItemsCollector
Event: 1568.341 loading class org/gradle/api/internal/file/collections/DefaultConfigurableFileCollection$ResolvedItemsCollector done


Dynamic libraries:
0x00007ff7ad7d0000 - 0x00007ff7ad7da000 	C:\Android Studio\jre\bin\java.exe
0x00007ffe0b5e0000 - 0x00007ffe0b7cd000 	C:\Windows\SYSTEM32\ntdll.dll
0x00007ffe08a00000 - 0x00007ffe08ab3000 	C:\Windows\System32\KERNEL32.DLL
0x00007ffe08550000 - 0x00007ffe087e5000 	C:\Windows\System32\KERNELBASE.dll
0x00007ffe083d0000 - 0x00007ffe084ca000 	C:\Windows\System32\ucrtbase.dll
0x00007ffdf1d90000 - 0x00007ffdf1da7000 	C:\Android Studio\jre\bin\VCRUNTIME140.dll
0x00007ffdf1200000 - 0x00007ffdf1219000 	C:\Android Studio\jre\bin\jli.dll
0x00007ffe0a860000 - 0x00007ffe0a9f8000 	C:\Windows\System32\USER32.dll
0x00007ffe07720000 - 0x00007ffe07740000 	C:\Windows\System32\win32u.dll
0x00007ffdf9d00000 - 0x00007ffdf9f79000 	C:\Windows\WinSxS\amd64_microsoft.windows.common-controls_6595b64144ccf1df_6.0.17763.2114_none_de6e8966534dbac6\COMCTL32.dll
0x00007ffe0a450000 - 0x00007ffe0a479000 	C:\Windows\System32\GDI32.dll
0x00007ffe0aaf0000 - 0x00007ffe0ab8e000 	C:\Windows\System32\msvcrt.dll
0x00007ffe07a40000 - 0x00007ffe07bdc000 	C:\Windows\System32\gdi32full.dll
0x00007ffe0a480000 - 0x00007ffe0a7ad000 	C:\Windows\System32\combase.dll
0x00007ffe07be0000 - 0x00007ffe07c80000 	C:\Windows\System32\msvcp_win.dll
0x00007ffe0ac60000 - 0x00007ffe0ad7f000 	C:\Windows\System32\RPCRT4.dll
0x00007ffe07690000 - 0x00007ffe07712000 	C:\Windows\System32\bcryptPrimitives.dll
0x00007ffe0aab0000 - 0x00007ffe0aade000 	C:\Windows\System32\IMM32.DLL
0x00007ffdcd9f0000 - 0x00007ffdcda8d000 	C:\Android Studio\jre\bin\msvcp140.dll
0x00007ffdbf530000 - 0x00007ffdbffff000 	C:\Android Studio\jre\bin\server\jvm.dll
0x00007ffe0aa00000 - 0x00007ffe0aaa4000 	C:\Windows\System32\ADVAPI32.dll
0x00007ffe0b3b0000 - 0x00007ffe0b44e000 	C:\Windows\System32\sechost.dll
0x00007ffe08ac0000 - 0x00007ffe08ac8000 	C:\Windows\System32\PSAPI.DLL
0x00007ffe054e0000 - 0x00007ffe054e9000 	C:\Windows\SYSTEM32\WSOCK32.dll
0x00007ffe057c0000 - 0x00007ffe057e4000 	C:\Windows\SYSTEM32\WINMM.dll
0x00007ffdff9c0000 - 0x00007ffdff9ca000 	C:\Windows\SYSTEM32\VERSION.dll
0x00007ffe0abf0000 - 0x00007ffe0ac5d000 	C:\Windows\System32\WS2_32.dll
0x00007ffe05790000 - 0x00007ffe057bd000 	C:\Windows\SYSTEM32\winmmbase.dll
0x00007ffe084d0000 - 0x00007ffe0851a000 	C:\Windows\System32\cfgmgr32.dll
0x00007ffe07620000 - 0x00007ffe07631000 	C:\Windows\System32\kernel.appcore.dll
0x00007ffdf2ca0000 - 0x00007ffdf2cb1000 	C:\Android Studio\jre\bin\verify.dll
0x00007ffdf9980000 - 0x00007ffdf9b6d000 	C:\Windows\SYSTEM32\DBGHELP.DLL
0x00007ffdfcd80000 - 0x00007ffdfcdaa000 	C:\Windows\SYSTEM32\dbgcore.DLL
0x00007ffdefbd0000 - 0x00007ffdefbf9000 	C:\Android Studio\jre\bin\java.dll
0x00007ffdf3f70000 - 0x00007ffdf3f7b000 	C:\Android Studio\jre\bin\jimage.dll
0x00007ffdefa80000 - 0x00007ffdefa98000 	C:\Android Studio\jre\bin\zip.dll
0x00007ffe08f50000 - 0x00007ffe0a449000 	C:\Windows\System32\SHELL32.dll
0x00007ffe0a7b0000 - 0x00007ffe0a858000 	C:\Windows\System32\shcore.dll
0x00007ffe07c80000 - 0x00007ffe083cb000 	C:\Windows\System32\windows.storage.dll
0x00007ffe07640000 - 0x00007ffe07664000 	C:\Windows\System32\profapi.dll
0x00007ffe075c0000 - 0x00007ffe0761d000 	C:\Windows\System32\powrprof.dll
0x00007ffe08870000 - 0x00007ffe088c2000 	C:\Windows\System32\shlwapi.dll
0x00007ffe087f0000 - 0x00007ffe08807000 	C:\Windows\System32\cryptsp.dll
0x00007ffdefa60000 - 0x00007ffdefa7a000 	C:\Android Studio\jre\bin\net.dll
0x00007ffe03760000 - 0x00007ffe03851000 	C:\Windows\SYSTEM32\WINHTTP.dll
0x00007ffe06e10000 - 0x00007ffe06e77000 	C:\Windows\system32\mswsock.dll
0x00007ffdefa40000 - 0x00007ffdefa54000 	C:\Android Studio\jre\bin\nio.dll
0x00007ffde5b80000 - 0x00007ffde5ba7000 	C:\Users\lapshingv\.gradle\native\8bec1ad78214c89d9ad589b4d07fe93259594b29d510b10fafb7a158f7737e5d\windows-amd64\native-platform.dll
0x00007ffdd2540000 - 0x00007ffdd267d000 	C:\Users\lapshingv\.gradle\native\53dbd7edfb1c66fb8903c78663c9afc45aea4f116125fa6feffd364cf09443e8\windows-amd64\native-platform-file-events.dll
0x00007ffdf3b80000 - 0x00007ffdf3b8a000 	C:\Android Studio\jre\bin\management.dll
0x00007ffdf3670000 - 0x00007ffdf367c000 	C:\Android Studio\jre\bin\management_ext.dll
0x00007ffe069a0000 - 0x00007ffe069d3000 	C:\Windows\system32\rsaenh.dll
0x00007ffe08520000 - 0x00007ffe08546000 	C:\Windows\System32\bcrypt.dll
0x00007ffe074c0000 - 0x00007ffe074e9000 	C:\Windows\SYSTEM32\USERENV.dll
0x00007ffe06fe0000 - 0x00007ffe06fec000 	C:\Windows\SYSTEM32\CRYPTBASE.dll
0x00007ffe06b30000 - 0x00007ffe06b6d000 	C:\Windows\SYSTEM32\IPHLPAPI.DLL
0x00007ffe0aae0000 - 0x00007ffe0aae8000 	C:\Windows\System32\NSI.dll
0x00007ffe020d0000 - 0x00007ffe020e6000 	C:\Windows\SYSTEM32\dhcpcsvc6.DLL
0x00007ffe02010000 - 0x00007ffe0202c000 	C:\Windows\SYSTEM32\dhcpcsvc.DLL
0x00007ffe06b70000 - 0x00007ffe06c36000 	C:\Windows\SYSTEM32\DNSAPI.dll
0x00007ffdf1690000 - 0x00007ffdf16b7000 	C:\Android Studio\jre\bin\sunec.dll
0x00007ffdff920000 - 0x00007ffdff92a000 	C:\Windows\System32\rasadhlp.dll
0x00007ffe02470000 - 0x00007ffe024e9000 	C:\Windows\System32\fwpuclnt.dll
0x00007ffe06350000 - 0x00007ffe06381000 	C:\Windows\SYSTEM32\ntmarta.dll

dbghelp: loaded successfully - version: 4.0.5 - missing functions: none
symbol engine: initialized successfully - sym options: 0x614 - pdb path: .;C:\Android Studio\jre\bin;C:\Windows\SYSTEM32;C:\Windows\WinSxS\amd64_microsoft.windows.common-controls_6595b64144ccf1df_6.0.17763.2114_none_de6e8966534dbac6;C:\Android Studio\jre\bin\server;C:\Users\lapshingv\.gradle\native\8bec1ad78214c89d9ad589b4d07fe93259594b29d510b10fafb7a158f7737e5d\windows-amd64;C:\Users\lapshingv\.gradle\native\53dbd7edfb1c66fb8903c78663c9afc45aea4f116125fa6feffd364cf09443e8\windows-amd64

VM Arguments:
jvm_args: --add-opens=java.base/java.util=ALL-UNNAMED --add-opens=java.base/java.lang=ALL-UNNAMED --add-opens=java.base/java.lang.invoke=ALL-UNNAMED --add-opens=java.base/java.util=ALL-UNNAMED --add-opens=java.prefs/java.util.prefs=ALL-UNNAMED --add-opens=java.prefs/java.util.prefs=ALL-UNNAMED --add-opens=java.base/java.nio.charset=ALL-UNNAMED --add-opens=java.base/java.net=ALL-UNNAMED --add-opens=java.base/java.util.concurrent.atomic=ALL-UNNAMED -Xmx2048m -Dfile.encoding=UTF-8 -Duser.country=RU -Duser.language=ru -Duser.variant 
java_command: org.gradle.launcher.daemon.bootstrap.GradleDaemon 7.0.2
java_class_path (initial): C:\Users\lapshingv\.gradle\wrapper\dists\gradle-7.0.2-bin\857tjihv64xamwrf0h14cai3r\gradle-7.0.2\lib\gradle-launcher-7.0.2.jar
Launcher Type: SUN_STANDARD

[Global flags]
     intx CICompilerCount                          = 4                                         {product} {ergonomic}
     uint ConcGCThreads                            = 2                                         {product} {ergonomic}
     uint G1ConcRefinementThreads                  = 8                                         {product} {ergonomic}
   size_t G1HeapRegionSize                         = 1048576                                   {product} {ergonomic}
    uintx GCDrainStackTargetSize                   = 64                                        {product} {ergonomic}
   size_t InitialHeapSize                          = 67108864                                  {product} {ergonomic}
   size_t MarkStackSize                            = 4194304                                   {product} {ergonomic}
   size_t MaxHeapSize                              = 2147483648                                {product} {command line}
   size_t MaxNewSize                               = 1287651328                                {product} {ergonomic}
   size_t MinHeapDeltaBytes                        = 1048576                                   {product} {ergonomic}
    uintx NonNMethodCodeHeapSize                   = 5836300                                {pd product} {ergonomic}
    uintx NonProfiledCodeHeapSize                  = 122910970                              {pd product} {ergonomic}
    uintx ProfiledCodeHeapSize                     = 122910970                              {pd product} {ergonomic}
    uintx ReservedCodeCacheSize                    = 251658240                              {pd product} {ergonomic}
     bool SegmentedCodeCache                       = true                                      {product} {ergonomic}
     bool UseCompressedClassPointers               = true                                 {lp64_product} {ergonomic}
     bool UseCompressedOops                        = true                                 {lp64_product} {ergonomic}
     bool UseG1GC                                  = true                                      {product} {ergonomic}
     bool UseLargePagesIndividualAllocation        = false                                  {pd product} {ergonomic}

Logging:
Log output configuration:
 #0: stdout all=warning uptime,level,tags
 #1: stderr all=off uptime,level,tags

Environment Variables:
PATH=C:\Program Files (x86)\Embarcadero\Studio\20.0\bin;C:\Users\Public\Documents\Embarcadero\Studio\20.0\Bpl;C:\Program Files (x86)\Embarcadero\Studio\20.0\bin64;C:\Users\Public\Documents\Embarcadero\Studio\20.0\Bpl\Win64;C:\Program Files\Common Files\Oracle\Java\javapath;C:\Program Files (x86)\Common Files\Oracle\Java\javapath;C:\Program Files (x86)\CodeGear\RAD Studio\5.0\bin;C:\Users\Public\Documents\RAD Studio\5.0\Bpl;C:\Python38\Scripts\;C:\Python38\;C:\Windows\system32;C:\Windows;C:\Windows\System32\Wbem;C:\Windows\System32\WindowsPowerShell\v1.0\;C:\Windows\System32\OpenSSH\;C:\Program Files\dotnet\;C:\Program Files\Microsoft SQL Server\130\Tools\Binn\;C:\Program Files\Microsoft SQL Server\Client SDK\ODBC\170\Tools\Binn\;C:\TDM-GCC-64\bin;C:\Program Files (x86)\Microsoft SQL Server\150\DTS\Binn\;C:\Program Files\Azure Data Studio\bin;C:\Program Files\Git\cmd;C:\Program Files (x86)\IVI Foundation\VISA\WinNT\Bin;C:\Program Files\MATLAB\R2009b\bin;C:\Program Files\Microsoft SQL Server\110\Tools\Binn\;C:\Program Files (x86)\dotnet\;C:\Program Files\nodejs\;C:\Users\lapshingv\AppData\Local\Microsoft\WindowsApps;
USERNAME=lapshingv
OS=Windows_NT
PROCESSOR_IDENTIFIER=Intel64 Family 6 Model 58 Stepping 9, GenuineIntel



---------------  S Y S T E M  ---------------

OS: Windows 10 , 64 bit Build 17763 (10.0.17763.2090)
OS uptime: 0 days 4:54 hours

CPU:total 8 (initial active 8) (4 cores per cpu, 2 threads per core) family 6 model 58 stepping 9 microcode 0x21, cmov, cx8, fxsr, mmx, sse, sse2, sse3, ssse3, sse4.1, sse4.2, popcnt, avx, aes, clmul, erms, ht, tsc, tscinvbit, tscinv

Memory: 4k page, system-wide physical 3983M (393M free)
TotalPageFile size 6287M (AvailPageFile size 1623M)
current process WorkingSet (physical memory assigned to process): 412M, peak: 524M
current process commit charge ("private bytes"): 571M, peak: 577M

vm_info: OpenJDK 64-Bit Server VM (11.0.10+0-b96-7249189) for windows-amd64 JRE (11.0.10+0-b96-7249189), built on Mar 31 2021 21:44:00 by "builder" with MS VC++ 14.0 (VS2015)

END.
